Determining if the pthread_create exist failed with the following output:
Change Dir: /home/abot/RMIAB3/build/CMakeFiles/CMakeTmp

Run Build Command:"/usr/bin/make" "cmTC_5c402/fast"
/usr/bin/make -f CMakeFiles/cmTC_5c402.dir/build.make CMakeFiles/cmTC_5c402.dir/build
make[1]: 进入目录“/home/abot/RMIAB3/build/CMakeFiles/CMakeTmp”
Building C object CMakeFiles/cmTC_5c402.dir/CheckSymbolExists.c.o
/usr/bin/cc    -o CMakeFiles/cmTC_5c402.dir/CheckSymbolExists.c.o   -c /home/abot/RMIAB3/build/CMakeFiles/CMakeTmp/CheckSymbolExists.c
Linking C executable cmTC_5c402
/usr/bin/cmake -E cmake_link_script CMakeFiles/cmTC_5c402.dir/link.txt --verbose=1
/usr/bin/cc      -rdynamic CMakeFiles/cmTC_5c402.dir/CheckSymbolExists.c.o  -o cmTC_5c402 
CMakeFiles/cmTC_5c402.dir/CheckSymbolExists.c.o：在函数‘main’中：
CheckSymbolExists.c:(.text+0x1b)：对‘pthread_create’未定义的引用
collect2: error: ld returned 1 exit status
CMakeFiles/cmTC_5c402.dir/build.make:97: recipe for target 'cmTC_5c402' failed
make[1]: *** [cmTC_5c402] Error 1
make[1]: 离开目录“/home/abot/RMIAB3/build/CMakeFiles/CMakeTmp”
Makefile:126: recipe for target 'cmTC_5c402/fast' failed
make: *** [cmTC_5c402/fast] Error 2

File /home/abot/RMIAB3/build/CMakeFiles/CMakeTmp/CheckSymbolExists.c:
/* */
#include <pthread.h>

int main(int argc, char** argv)
{
  (void)argv;
#ifndef pthread_create
  return ((int*)(&pthread_create))[argc];
#else
  (void)argc;
  return 0;
#endif
}

Determining if the function pthread_create exists in the pthreads failed with the following output:
Change Dir: /home/abot/RMIAB3/build/CMakeFiles/CMakeTmp

Run Build Command:"/usr/bin/make" "cmTC_703ca/fast"
/usr/bin/make -f CMakeFiles/cmTC_703ca.dir/build.make CMakeFiles/cmTC_703ca.dir/build
make[1]: 进入目录“/home/abot/RMIAB3/build/CMakeFiles/CMakeTmp”
Building C object CMakeFiles/cmTC_703ca.dir/CheckFunctionExists.c.o
/usr/bin/cc   -DCHECK_FUNCTION_EXISTS=pthread_create   -o CMakeFiles/cmTC_703ca.dir/CheckFunctionExists.c.o   -c /usr/share/cmake-3.10/Modules/CheckFunctionExists.c
Linking C executable cmTC_703ca
/usr/bin/cmake -E cmake_link_script CMakeFiles/cmTC_703ca.dir/link.txt --verbose=1
/usr/bin/cc  -DCHECK_FUNCTION_EXISTS=pthread_create    -rdynamic CMakeFiles/cmTC_703ca.dir/CheckFunctionExists.c.o  -o cmTC_703ca -lpthreads 
/usr/bin/ld: 找不到 -lpthreads
collect2: error: ld returned 1 exit status
CMakeFiles/cmTC_703ca.dir/build.make:97: recipe for target 'cmTC_703ca' failed
make[1]: *** [cmTC_703ca] Error 1
make[1]: 离开目录“/home/abot/RMIAB3/build/CMakeFiles/CMakeTmp”
Makefile:126: recipe for target 'cmTC_703ca/fast' failed
make: *** [cmTC_703ca/fast] Error 2


